  test.c
D:\Procedural exercises\Project1\test.c(268,23): error C2146: 语法错误: 缺少“)”(在标识符“stu”的前面)
D:\Procedural exercises\Project1\test.c(268,23): error C2061: 语法错误: 标识符“stu”
D:\Procedural exercises\Project1\test.c(268,23): error C2059: 语法错误:“;”
D:\Procedural exercises\Project1\test.c(268,26): error C2059: 语法错误:“[”
D:\Procedural exercises\Project1\test.c(268,28): error C2059: 语法错误:“)”
D:\Procedural exercises\Project1\test.c(294,10): error C2065: “student”: 未声明的标识符
D:\Procedural exercises\Project1\test.c(294,10): error C2146: 语法错误: 缺少“;”(在标识符“stu”的前面)
D:\Procedural exercises\Project1\test.c(294,13): error C2065: “stu”: 未声明的标识符
D:\Procedural exercises\Project1\test.c(294,17): error C2109: 下标要求数组或指针类型
D:\Procedural exercises\Project1\test.c(297,30): error C2065: “stu”: 未声明的标识符
D:\Procedural exercises\Project1\test.c(297,32): error C2109: 下标要求数组或指针类型
D:\Procedural exercises\Project1\test.c(297,42): error C2065: “stu”: 未声明的标识符
D:\Procedural exercises\Project1\test.c(297,44): error C2109: 下标要求数组或指针类型
D:\Procedural exercises\Project1\test.c(297,64): error C2065: “stu”: 未声明的标识符
D:\Procedural exercises\Project1\test.c(297,66): error C2109: 下标要求数组或指针类型
D:\Procedural exercises\Project1\test.c(297,83): error C2065: “stu”: 未声明的标识符
D:\Procedural exercises\Project1\test.c(297,85): error C2109: 下标要求数组或指针类型
D:\Procedural exercises\Project1\test.c(297,99): error C2065: “stu”: 未声明的标识符
D:\Procedural exercises\Project1\test.c(297,101): error C2109: 下标要求数组或指针类型
D:\Procedural exercises\Project1\test.c(297,119): error C2065: “stu”: 未声明的标识符
D:\Procedural exercises\Project1\test.c(297,121): error C2109: 下标要求数组或指针类型
D:\Procedural exercises\Project1\test.c(297,9): warning C4473: “scanf”: 没有为格式字符串传递足够的参数
D:\Procedural exercises\Project1\test.c(297,9): message : 占位符和其参数预计 6 可变参数，但提供的却是 0 参数
D:\Procedural exercises\Project1\test.c(297,9): message : 缺失的可变参数 1 为格式字符串“%ld”所需
D:\Procedural exercises\Project1\test.c(298,19): error C2065: “stu”: 未声明的标识符
D:\Procedural exercises\Project1\test.c(298,21): error C2109: 下标要求数组或指针类型
D:\Procedural exercises\Project1\test.c(299,16): error C2065: “stu”: 未声明的标识符
D:\Procedural exercises\Project1\test.c(299,18): error C2109: 下标要求数组或指针类型
D:\Procedural exercises\Project1\test.c(300,13): error C2065: “stu”: 未声明的标识符
D:\Procedural exercises\Project1\test.c(300,15): error C2109: 下标要求数组或指针类型
D:\Procedural exercises\Project1\test.c(301,17): error C2065: “stu”: 未声明的标识符
D:\Procedural exercises\Project1\test.c(301,19): error C2109: 下标要求数组或指针类型
D:\Procedural exercises\Project1\test.c(302,18): error C2065: “stu”: 未声明的标识符
D:\Procedural exercises\Project1\test.c(302,20): error C2109: 下标要求数组或指针类型
D:\Procedural exercises\Project1\test.c(304,2): warning C4013: “average1”未定义；假设外部返回 int
D:\Procedural exercises\Project1\test.c(304,14): error C2065: “stu”: 未声明的标识符
D:\Procedural exercises\Project1\test.c(308,42): error C2065: “stu”: 未声明的标识符
D:\Procedural exercises\Project1\test.c(308,44): error C2109: 下标要求数组或指针类型
D:\Procedural exercises\Project1\test.c(308,53): error C2065: “stu”: 未声明的标识符
D:\Procedural exercises\Project1\test.c(308,55): error C2109: 下标要求数组或指针类型
D:\Procedural exercises\Project1\test.c(308,74): error C2065: “stu”: 未声明的标识符
D:\Procedural exercises\Project1\test.c(308,76): error C2109: 下标要求数组或指针类型
D:\Procedural exercises\Project1\test.c(308,92): error C2065: “stu”: 未声明的标识符
D:\Procedural exercises\Project1\test.c(308,94): error C2109: 下标要求数组或指针类型
D:\Procedural exercises\Project1\test.c(308,107): error C2065: “stu”: 未声明的标识符
D:\Procedural exercises\Project1\test.c(308,109): error C2109: 下标要求数组或指针类型
D:\Procedural exercises\Project1\test.c(308,126): error C2065: “stu”: 未声明的标识符
D:\Procedural exercises\Project1\test.c(308,128): error C2109: 下标要求数组或指针类型
D:\Procedural exercises\Project1\test.c(308,146): error C2065: “stu”: 未声明的标识符
D:\Procedural exercises\Project1\test.c(308,148): error C2109: 下标要求数组或指针类型
D:\Procedural exercises\Project1\test.c(308,10): warning C4473: “printf”: 没有为格式字符串传递足够的参数
D:\Procedural exercises\Project1\test.c(308,10): message : 占位符和其参数预计 7 可变参数，但提供的却是 0 参数
D:\Procedural exercises\Project1\test.c(308,10): message : 缺失的可变参数 1 为格式字符串“%ld”所需
